<?xml version="1.0" encoding="UTF-8"?>
<testsuites name="jest tests" tests="4" failures="0" errors="0" time="1.791">
  <testsuite name="OrderSigningApi" errors="0" failures="0" skipped="0" timestamp="2025-01-28T11:58:20" time="1.37" tests="4">
    <testcase classname="OrderSigningApi signOrder - should return an order signature" name="OrderSigningApi signOrder - should return an order signature" time="0.517">
    </testcase>
    <testcase classname="OrderSigningApi signOrderCancellation - should return an order cancellation signature" name="OrderSigningApi signOrderCancellation - should return an order cancellation signature" time="0.002">
    </testcase>
    <testcase classname="OrderSigningApi signOrderCancellations - returns the signature for cancelling multiple orders" name="OrderSigningApi signOrderCancellations - returns the signature for cancelling multiple orders" time="0.002">
    </testcase>
    <testcase classname="OrderSigningApi getDomain - should return an object with domain info" name="OrderSigningApi getDomain - should return an object with domain info" time="0">
    </testcase>
  </testsuite>
</testsuites>